2025-10-08 22:15:59,932 - INFO - RUNNING COMPREHENSIVE TEST SUITE
2025-10-08 22:15:59,932 - INFO - Starting test case 1
2025-10-08 22:15:59,932 - INFO - Starting minimum path sum calculation for triangle
2025-10-08 22:15:59,932 - INFO - Processing triangle with 4 rows
2025-10-08 22:15:59,932 - INFO - Initializing DP with base row: [4, 1, 8, 3]
2025-10-08 22:15:59,932 - INFO - Starting path reconstruction
2025-10-08 22:15:59,932 - INFO - Algorithm complete. Minimum path sum: 11
2025-10-08 22:15:59,932 - INFO - Minimum path: 2 -> 3 -> 5 -> 1
2025-10-08 22:15:59,932 - INFO - Test 1 PASSED
2025-10-08 22:15:59,932 - INFO - Test 1: Expected sum = 11, Got = 11 | Expected path = 2 -> 3 -> 5 -> 1, Got = 2 -> 3 -> 5 -> 1
2025-10-08 22:15:59,932 - INFO - Starting test case 2
2025-10-08 22:15:59,932 - INFO - Starting minimum path sum calculation for triangle
2025-10-08 22:15:59,932 - INFO - Processing triangle with 4 rows
2025-10-08 22:15:59,932 - INFO - Initializing DP with base row: [4, 2, 1, 3]
2025-10-08 22:15:59,932 - INFO - Starting path reconstruction
2025-10-08 22:15:59,932 - INFO - Algorithm complete. Minimum path sum: 0
2025-10-08 22:15:59,932 - INFO - Minimum path: -1 -> 3 -> -3 -> 1
2025-10-08 22:15:59,932 - INFO - Test 2 PASSED
2025-10-08 22:15:59,932 - INFO - Test 2: Expected sum = 0, Got = 0 | Expected path = -1 -> 3 -> -3 -> 1, Got = -1 -> 3 -> -3 -> 1
2025-10-08 22:15:59,932 - INFO - Starting test case 3
2025-10-08 22:15:59,933 - INFO - Starting minimum path sum calculation for triangle
2025-10-08 22:15:59,933 - INFO - Processing triangle with 1 rows
2025-10-08 22:15:59,933 - INFO - Initializing DP with base row: [5]
2025-10-08 22:15:59,933 - INFO - Starting path reconstruction
2025-10-08 22:15:59,933 - INFO - Algorithm complete. Minimum path sum: 5
2025-10-08 22:15:59,933 - INFO - Minimum path: 5
2025-10-08 22:15:59,933 - INFO - Test 3 PASSED
2025-10-08 22:15:59,933 - INFO - Test 3: Expected sum = 5, Got = 5 | Expected path = 5, Got = 5
2025-10-08 22:15:59,933 - INFO - Starting test case 4
2025-10-08 22:15:59,933 - INFO - Starting minimum path sum calculation for triangle
2025-10-08 22:15:59,933 - INFO - Processing triangle with 2 rows
2025-10-08 22:15:59,933 - INFO - Initializing DP with base row: [2, 3]
2025-10-08 22:15:59,933 - INFO - Starting path reconstruction
2025-10-08 22:15:59,933 - INFO - Algorithm complete. Minimum path sum: 3
2025-10-08 22:15:59,933 - INFO - Minimum path: 1 -> 2
2025-10-08 22:15:59,933 - INFO - Test 4 PASSED
2025-10-08 22:15:59,933 - INFO - Test 4: Expected sum = 3, Got = 3 | Expected path = 1 -> 2, Got = 1 -> 2
2025-10-08 22:15:59,933 - INFO - Starting test case 5
2025-10-08 22:15:59,933 - INFO - Starting minimum path sum calculation for triangle
2025-10-08 22:15:59,933 - INFO - Processing triangle with 3 rows
2025-10-08 22:15:59,933 - INFO - Initializing DP with base row: [1, 1, 1]
2025-10-08 22:15:59,933 - INFO - Starting path reconstruction
2025-10-08 22:15:59,933 - INFO - Algorithm complete. Minimum path sum: 3
2025-10-08 22:15:59,933 - INFO - Minimum path: 1 -> 1 -> 1
2025-10-08 22:15:59,933 - INFO - Test 5 PASSED
2025-10-08 22:15:59,933 - INFO - Test 5: Expected sum = 3, Got = 3 | Expected path = 1 -> 1 -> 1, Got = 1 -> 1 -> 1
2025-10-08 22:15:59,933 - INFO - Starting test case 6
2025-10-08 22:15:59,934 - INFO - Starting minimum path sum calculation for triangle
2025-10-08 22:15:59,934 - INFO - Processing triangle with 3 rows
2025-10-08 22:15:59,934 - INFO - Initializing DP with base row: [-4, -5, -6]
2025-10-08 22:15:59,934 - INFO - Starting path reconstruction
2025-10-08 22:15:59,934 - INFO - Algorithm complete. Minimum path sum: -10
2025-10-08 22:15:59,934 - INFO - Minimum path: -1 -> -3 -> -6
2025-10-08 22:15:59,934 - INFO - Test 6 PASSED
2025-10-08 22:15:59,934 - INFO - Test 6: Expected sum = -10, Got = -10 | Expected path = -1 -> -3 -> -6, Got = -1 -> -3 -> -6
2025-10-08 22:15:59,934 - INFO - Starting test case 7
2025-10-08 22:15:59,934 - INFO - Starting minimum path sum calculation for triangle
2025-10-08 22:15:59,934 - INFO - Processing triangle with 5 rows
2025-10-08 22:15:59,937 - INFO - Initializing DP with base row: [11, 12, 13, 14, 15]
2025-10-08 22:15:59,937 - INFO - Starting path reconstruction
2025-10-08 22:15:59,937 - INFO - Algorithm complete. Minimum path sum: 25
2025-10-08 22:15:59,937 - INFO - Minimum path: 1 -> 2 -> 4 -> 7 -> 11
2025-10-08 22:15:59,937 - INFO - Test 7 PASSED
2025-10-08 22:15:59,937 - INFO - Test 7: Expected sum = 25, Got = 25 | Expected path = 1 -> 2 -> 4 -> 7 -> 11, Got = 1 -> 2 -> 4 -> 7 -> 11
2025-10-08 22:15:59,937 - INFO - Generating random test case 5 with 5 rows
2025-10-08 22:15:59,937 - INFO - Generated triangle: [[5], [9, 1], [4, 7, -1], [-8, 5, -5, -10], [9, 6, -9, -1, -2]]
2025-10-08 22:15:59,937 - INFO - Starting minimum path sum calculation for triangle
2025-10-08 22:15:59,937 - INFO - Processing triangle with 5 rows
2025-10-08 22:15:59,937 - INFO - Initializing DP with base row: [9, 6, -9, -1, -2]
2025-10-08 22:15:59,937 - INFO - Starting path reconstruction
2025-10-08 22:15:59,937 - INFO - Algorithm complete. Minimum path sum: -9
2025-10-08 22:15:59,937 - INFO - Minimum path: 5 -> 1 -> -1 -> -5 -> -9
2025-10-08 22:15:59,937 - INFO - Generating random test case 3 with 3 rows
2025-10-08 22:15:59,937 - INFO - Generated triangle: [[-1], [1, -5], [9, 9, 5]]
2025-10-08 22:15:59,937 - INFO - Starting minimum path sum calculation for triangle
2025-10-08 22:15:59,937 - INFO - Processing triangle with 3 rows
2025-10-08 22:15:59,938 - INFO - Initializing DP with base row: [9, 9, 5]
2025-10-08 22:15:59,938 - INFO - Starting path reconstruction
2025-10-08 22:15:59,938 - INFO - Algorithm complete. Minimum path sum: -1
2025-10-08 22:15:59,938 - INFO - Minimum path: -1 -> -5 -> 5
2025-10-08 22:15:59,938 - INFO - Generating random test case 4 with 4 rows
2025-10-08 22:15:59,938 - INFO - Generated triangle: [[6], [6, -6], [0, 10, 7], [-7, -8, 1, -6]]
2025-10-08 22:15:59,938 - INFO - Starting minimum path sum calculation for triangle
2025-10-08 22:15:59,938 - INFO - Processing triangle with 4 rows
2025-10-08 22:15:59,938 - INFO - Initializing DP with base row: [-7, -8, 1, -6]
2025-10-08 22:15:59,938 - INFO - Starting path reconstruction
2025-10-08 22:15:59,938 - INFO - Algorithm complete. Minimum path sum: 1
2025-10-08 22:15:59,938 - INFO - Minimum path: 6 -> -6 -> 7 -> -6
2025-10-08 22:15:59,938 - INFO - Starting test case 8
2025-10-08 22:15:59,938 - INFO - Starting minimum path sum calculation for triangle
2025-10-08 22:15:59,938 - INFO - Processing triangle with 5 rows
2025-10-08 22:15:59,938 - INFO - Initializing DP with base row: [9, 6, -9, -1, -2]
2025-10-08 22:15:59,938 - INFO - Starting path reconstruction
2025-10-08 22:15:59,938 - INFO - Algorithm complete. Minimum path sum: -9
2025-10-08 22:15:59,938 - INFO - Minimum path: 5 -> 1 -> -1 -> -5 -> -9
2025-10-08 22:15:59,938 - INFO - Test 8 PASSED
2025-10-08 22:15:59,938 - INFO - Test 8: Expected sum = -9, Got = -9 | Expected path = 5 -> 1 -> -1 -> -5 -> -9, Got = 5 -> 1 -> -1 -> -5 -> -9
2025-10-08 22:15:59,938 - INFO - Starting test case 9
2025-10-08 22:15:59,938 - INFO - Starting minimum path sum calculation for triangle
2025-10-08 22:15:59,938 - INFO - Processing triangle with 3 rows
2025-10-08 22:15:59,938 - INFO - Initializing DP with base row: [9, 9, 5]
2025-10-08 22:15:59,939 - INFO - Starting path reconstruction
2025-10-08 22:15:59,939 - INFO - Algorithm complete. Minimum path sum: -1
2025-10-08 22:15:59,939 - INFO - Minimum path: -1 -> -5 -> 5
2025-10-08 22:15:59,939 - INFO - Test 9 PASSED
2025-10-08 22:15:59,939 - INFO - Test 9: Expected sum = -1, Got = -1 | Expected path = -1 -> -5 -> 5, Got = -1 -> -5 -> 5
2025-10-08 22:15:59,939 - INFO - Starting test case 10
2025-10-08 22:15:59,939 - INFO - Starting minimum path sum calculation for triangle
2025-10-08 22:15:59,939 - INFO - Processing triangle with 4 rows
2025-10-08 22:15:59,939 - INFO - Initializing DP with base row: [-7, -8, 1, -6]
2025-10-08 22:15:59,939 - INFO - Starting path reconstruction
2025-10-08 22:15:59,939 - INFO - Algorithm complete. Minimum path sum: 1
2025-10-08 22:15:59,939 - INFO - Minimum path: 6 -> -6 -> 7 -> -6
2025-10-08 22:15:59,939 - INFO - Test 10 PASSED
2025-10-08 22:15:59,939 - INFO - Test 10: Expected sum = 1, Got = 1 | Expected path = 6 -> -6 -> 7 -> -6, Got = 6 -> -6 -> 7 -> -6
2025-10-08 22:15:59,939 - INFO - TEST SUMMARY
2025-10-08 22:15:59,939 - INFO - Total Tests: 10
2025-10-08 22:15:59,939 - INFO - Passed: 10
2025-10-08 22:15:59,939 - INFO - Failed: 0
2025-10-08 22:15:59,939 - INFO - Success Rate: 100.0%
2025-10-08 22:15:59,939 - INFO - Detailed Results:
2025-10-08 22:15:59,939 - INFO - Basic Triangle 1     PASS   Sum: 11     Path: 2 -> 3 -> 5 -> 1
2025-10-08 22:15:59,939 - INFO - Basic Triangle 2     PASS   Sum: 0      Path: -1 -> 3 -> -3 -> 1
2025-10-08 22:15:59,939 - INFO - Single Element       PASS   Sum: 5      Path: 5
2025-10-08 22:15:59,939 - INFO - Two Rows             PASS   Sum: 3      Path: 1 -> 2
2025-10-08 22:15:59,939 - INFO - All Same Values      PASS   Sum: 3      Path: 1 -> 1 -> 1
2025-10-08 22:15:59,939 - INFO - Negative Values      PASS   Sum: -10    Path: -1 -> -3 -> -6
2025-10-08 22:15:59,939 - INFO - 5x5 Triangle         PASS   Sum: 25     Path: 1 -> 2 -> 4 -> 7 -> 11
2025-10-08 22:15:59,940 - INFO - Random Test 1        PASS   Sum: -9     Path: 5 -> 1 -> -1 -> -5 -> -9
2025-10-08 22:15:59,940 - INFO - Random Test 2        PASS   Sum: -1     Path: -1 -> -5 -> 5
2025-10-08 22:15:59,940 - INFO - Random Test 3        PASS   Sum: 1      Path: 6 -> -6 -> 7 -> -6
2025-10-08 22:15:59,940 - INFO - BENCHMARK ... 
2025-10-08 22:15:59,940 - INFO - BENCHMARK WITH LARGE TRIANGLES
2025-10-08 22:15:59,940 - INFO - Generating random test case 10 with 10 rows
2025-10-08 22:15:59,940 - INFO - Generated triangle: [[95], [-68, 90], [32, 37, -91], [-48, -77, 91, -67], [-85, 59, 69, 87, -16], [97, -28, 11, -62, -19, 50], [-48, 27, -73, -50, -7, -37, -58], [-32, -11, 15, 19, 43, -17, -41, 100], [59, 85, 59, -91, -56, -56, -75, 55, -55], [32, -24, -72, -36, 79, 23, 3, 73, 4, -2]]
2025-10-08 22:15:59,940 - INFO - Starting minimum path sum calculation for triangle
2025-10-08 22:15:59,940 - INFO - Processing triangle with 10 rows
2025-10-08 22:15:59,940 - INFO - Initializing DP with base row: [32, -24, -72, -36, 79, 23, 3, 73, 4, -2]
2025-10-08 22:15:59,940 - INFO - Starting path reconstruction
2025-10-08 22:15:59,940 - INFO - Algorithm complete. Minimum path sum: -287
2025-10-08 22:15:59,940 - INFO - Minimum path: 95 -> -68 -> 32 -> -48 -> -85 -> -28 -> -73 -> 15 -> -91 -> -36
2025-10-08 22:15:59,940 - INFO - Size: 10, Time: 0.0000s, Min Sum: -287
2025-10-08 22:15:59,940 - INFO - Size 10: 0.0000s (sum: -287)
2025-10-08 22:15:59,940 - INFO - Generating random test case 20 with 20 rows
2025-10-08 22:15:59,940 - INFO - Generated triangle: [[-87], [21, -50], [22, -55, 79], [-47, -84, 82, 80], [-93, 44, -36, 31, -91], [1, -23, 30, -40, -45, 50], [-34, 80, 50, 74, -74, 28, 72], [20, -63, -67, 67, -19, -4, 65, -38], [23, 16, 93, 85, 11, 18, -32, 16, 12], [-42, 76, 3, -73, 51, 69, -93, 19, 90, -70], [-44, -25, 84, -61, -57, 24, 22, -35, -74, -12, -99], [55, 72, 99, -52, 69, -47, -56, -8, -25, -52, -96, -63], [-38, -91, -72, 42, 0, -81, -36, 77, -25, 87, -31, -47, 98], [19, 35, -100, 39, -77, -91, 48, -60, -57, -19, -56, -29, 3, 83], [-89, 23, 60, 12, 93, -30, -44, -12, -84, -51, 94, 10, 7, 72, -56], [15, 0, 56, 10, -19, -74, 63, 83, -5, 52, -43, 35, -64, -20, -56, 78], [-23, 48, -22, -44, 3, 47, 11, -54, 13, 29, 17, -17, 68, 78, 37, -2, 14], [51, 36, -48, 41, 71, 93, 40, 8, -2, -65, 29, -40, -25, -84, 42, 55, -50, 79], [96, 8, 61, 29, -1, 24, 7, -31, -84, -5, 13, -4, -47, 49, -95, -73, -74, 17, -33], [-8, 3, -16, 46, 52, -22, 50, 22, 84, -63, -86, -28, 52, 24, -63, 99, -51, 77, -70, -73]]
2025-10-08 22:15:59,940 - INFO - Starting minimum path sum calculation for triangle
2025-10-08 22:15:59,940 - INFO - Processing triangle with 20 rows
2025-10-08 22:15:59,940 - INFO - Initializing DP with base row: [-8, 3, -16, 46, 52, -22, 50, 22, 84, -63, -86, -28, 52, 24, -63, 99, -51, 77, -70, -73]
2025-10-08 22:15:59,941 - INFO - Starting path reconstruction
2025-10-08 22:15:59,941 - INFO - Algorithm complete. Minimum path sum: -929
2025-10-08 22:15:59,941 - INFO - Minimum path: -87 -> -50 -> -55 -> -84 -> -36 -> -40 -> -74 -> -4 -> -32 -> -93 -> -35 -> -25 -> -25 -> -57 -> -84 -> -5 -> 13 -> -65 -> -5 -> -86
2025-10-08 22:15:59,941 - INFO - Size: 20, Time: 0.0010s, Min Sum: -929
2025-10-08 22:15:59,941 - INFO - Size 20: 0.0010s (sum: -929)
2025-10-08 22:15:59,941 - INFO - Generating random test case 50 with 50 rows
2025-10-08 22:15:59,942 - INFO - Generated triangle: [[-97], [-85, -94], [-83, 37, 83], [-96, 54, 78, 81], [-75, 8, 17, -50, 73], [-28, -24, 91, 82, -23, 16], [96, -75, -85, 55, 39, 69, 42], [-96, 39, 18, 44, -32, 39, -68, 10], [51, -81, 36, -18, 1, 81, -32, -72, -90], [7, -15, 28, 42, -30, -14, 90, 74, 2, 28], [-34, -94, 74, 82, 8, 2, 16, -42, -74, -77, 24], [57, 44, -84, -10, 30, 41, -4, 79, -13, 47, -76, 16], [-75, -65, -89, -4, -22, 42, 87, 62, 61, 38, 66, -54, 90], [-71, -85, 66, -33, 97, 84, 50, 57, -47, 29, 18, -31, 23, -3], [-47, 96, -88, -64, -15, 42, 94, 94, 28, -25, 63, 66, 97, 76, -74], [49, -41, -51, -86, -71, -55, -91, -85, -21, 8, 60, -4, -74, 51, -48, -20], [-23, -9, -86, 81, 46, 89, -70, 59, -40, -43, 9, 7, -13, 95, 65, -51, 2], [24, 39, -66, 4, -84, -37, 49, -33, 0, 88, 72, 0, -85, -69, 17, 16, -15, -100], [99, -80, 77, 61, -44, -12, -77, -99, -70, 92, 84, -55, 15, -38, 37, 81, 91, -35, -94], [68, 83, 71, 64, 35, 64, 54, -66, 20, 89, 42, -12, 88, -36, -94, 92, -37, 39, -41, -70], [76, 83, 0, 65, -40, 73, 57, -31, 44, -63, -43, 23, -49, -13, -54, 44, -27, -51, -6, 87, 78], [74, 17, -42, 18, -9, 91, -54, 56, 76, 61, 83, 60, -32, 46, 53, 93, 82, 5, 11, -42, 81, 66], [-78, -22, -64, -3, 79, -38, 95, -86, -7, 96, 42, -34, -69, -80, 49, -69, -34, -19, 6, 46, 18, -8, -58], [-86, 31, -52, -46, -33, -99, 79, 85, -34, 17, -24, 45, 9, -25, 13, 96, -50, 39, 72, 99, 92, 71, 15, -95], [73, -28, 26, -97, 94, 40, -78, 86, 78, -13, 35, 84, 92, -74, 64, 5, -21, 90, 64, 70, 9, -27, 76, -33, -41], [-74, 11, 52, -54, -87, 68, -27, -37, -71, -36, -75, 46, -28, -13, -25, 23, -45, -20, 20, 46, 68, 52, -32, 35, -91, -19], [49, 59, 79, -9, -82, -85, -77, -97, 55, -31, 55, -6, -51, -7, -28, 52, 31, -76, 84, -56, 42, 48, 98, 78, 42, -76, -24], [-43, -57, 49, 82, 96, -49, 72, -66, 53, 34, 81, -45, 91, -45, -3, 26, 25, -67, -70, 89, 69, 22, -59, 91, -46, 17, 24, 15], [21, -5, -81, -20, 14, 28, -56, -66, -90, 64, -76, 4, -22, -71, 34, 86, -44, 26, 24, -5, -25, 6, -15, -83, 85, -9, -97, 28, -36], [5, 18, 21, -59, 72, 12, -24, 48, 5, 6, 89, -85, -33, 3, 79, -20, -25, 85, -70, -81, 86, 42, 40, -28, -87, 87, 92, -61, 88, -14], [57, 36, -60, -41, -96, 38, -79, 74, -76, 4, -21, -65, -55, -86, -45, 92, 57, -99, -42, 93, -6, 100, -48, -50, -1, 75, -82, 36, -70, 67, 96], [-96, 49, -4, 36, -81, 41, 80, 90, -22, -66, 15, -8, 84, 81, -12, 73, 22, -31, -82, 21, -90, -7, -35, 70, 8, 41, 27, 69, -42, -61, 75, -38], [-63, 43, -29, 13, -85, 96, -64, -35, -22, -85, -6, 41, -76, -83, 81, -8, -82, -13, -75, 20, 56, -49, -57, 13, 29, 55, 59, 54, 7, -1, -94, -23, 31], [56, -34, 5, 19, -81, 56, -61, 1, 68, 8, -36, -48, -23, 8, 76, 1, 19, 6, -31, 47, -5, 3, 21, 67, 81, 10, 82, 44, -13, 95, 51, -80, -60, -79], [94, -52, -60, 7, -40, -29, -70, -21, 26, -1, -47, 4, -87, -40, 85, -31, 36, -71, 40, 100, 57, -38, 94, -87, 51, 39, -93, 50, 56, -95, 52, 48, -16, 45, 37], [82, 2, -95, 98, -54, 88, 17, -35, -70, 60, 50, -18, -4, 42, 50, 36, 31, 40, 18, 34, -20, 76, 68, -82, 22, 50, -2, 83, -40, 53, -16, -62, -53, -5, -14, 4], [39, 40, 89, 41, -1, 26, 38, 20, -100, 61, 49, -13, -53, -65, -88, 80, 73, 8, -17, -15, 82, -7, -63, 14, 46, 41, 37, -22, -5, 50, 23, 37, 92, -40, 13, 65, 85], [-53, -63, -21, -55, 70, -28, 16, 3, 21, 57, -44, 47, 71, 84, 13, -31, 86, 58, 54, -17, -37, 99, 8, -89, -1, 7, 57, -28, -23, 33, 46, 98, 77, 23, 37, 44, -85, -36], [-25, -93, 44, -80, -35, 36, 19, 59, -14, 13, -92, 77, -22, 66, -7, 78, -40, -51, 21, -15, 37, -3, -74, 41, -10, -13, 14, 5, 29, 43, 53, -78, -100, -87, 7, -53, -97, 23, -91], [-65, 80, 96, 32, 64, 95, -53, -66, -88, 76, -25, 100, 2, -56, -76, 52, -23, 22, -92, 84, 40, 32, -84, -96, -98, -76, -56, -92, 60, 50, 11, -6, 3, -83, -9, -94, 56, -21, -27, 70], [-51, -36, -21, 15, -7, -44, 73, 48, 46, -31, 69, -97, -46, 35, 68, -15, -56, 57, 84, -56, 52, 7, 2, 18, 46, -29, -84, -4, 63, -89, 73, -52, -80, -8, 1, 74, -72, -15, 69, 51, 7], [67, 3, 62, -77, -91, 100, -28, 7, -18, -6, 61, -16, -2, -78, -94, -24, 14, -22, 52, -67, -61, -73, -12, -58, 11, -94, 74, -93, -98, -44, 97, -21, -93, -28, 99, -27, 23, 63, -56, 16, -56, 9], [82, -67, 42, 0, 0, -24, -86, 34, -12, 39, 24, 78, -83, 15, -16, -9, 93, -41, -94, -63, 72, -100, -49, -37, -64, 67, 31, 34, -3, -69, 16, 61, 35, 83, -32, -90, 40, -93, 30, 69, -57, -92, 43], [-70, 86, -75, -85, 14, 74, 77, -77, -27, -4, -13, -17, -48, -21, -51, 5, -10, 26, 24, 99, 77, -80, -57, -48, -35, -66, -54, 0, 71, 97, 64, -15, 44, -89, 59, -91, -24, -30, 7, -17, 93, -30, 67, -36], [51, -41, 70, 18, -31, -86, 49, 42, 70, -10, -95, 12, 2, 13, 29, -72, -44, 24, 14, -28, -28, -63, 6, -72, -58, 67, 82, 58, -8, -74, 95, 12, 71, -43, -16, 0, 39, -12, -30, 65, -57, 74, -95, 15, 96], [12, -92, 67, 60, -29, 1, 55, 62, -19, -94, -43, -15, 7, 12, 79, 97, 92, -18, -43, 24, -32, 61, -42, 96, -5, 84, 45, -68, 16, 6, -79, -21, 62, 6, 34, -23, -3, 82, -12, -32, 50, 44, -78, 41, 100, 18], [89, -11, 14, 45, 57, 9, -42, -6, -9, -25, -45, 19, 15, 30, -54, 67, 73, -76, 98, -91, -72, 19, 34, -4, -21, -89, 10, -3, -87, -39, -15, -88, -16, 33, 65, 0, 68, 31, -25, 7, -66, 49, 32, -44, 18, -20, -72], [75, 80, -70, 86, 8, 59, -40, 67, 6, -64, -10, -3, -41, -68, -35, 1, 80, 46, 47, -97, -94, -40, 46, 17, 26, 0, 1, 55, -3, -64, 39, 84, 69, 15, -23, -46, 61, 85, 33, 86, 0, 65, 50, 22, 17, 29, 53, 17], [-80, 63, 79, -47, 73, 4, -36, -70, -97, -38, 92, -99, -43, 78, -14, -83, 80, -3, 5, -22, -8, -87, -86, -29, -8, 17, 30, -99, 6, -91, 3, 24, 49, 48, -9, -64, -50, -67, 49, 7, 74, 55, 62, -16, -14, -85, 17, -73, -45], [6, -40, -25, 96, 99, -42, -59, 58, -33, -97, -90, -73, 27, -41, 44, 74, 74, 9, 92, 98, -71, 50, -73, -95, 9, -54, 35, -1, 55, -36, -100, 72, 88, 12, -19, 26, -4, 100, 34, -24, 10, 79, 97, -94, 33, -8, -13, 66, 1, 53]]
2025-10-08 22:15:59,943 - INFO - Starting minimum path sum calculation for triangle
2025-10-08 22:15:59,943 - INFO - Processing triangle with 50 rows
2025-10-08 22:15:59,943 - INFO - Initializing DP with base row: [6, -40, -25, 96, 99, -42, -59, 58, -33, -97, -90, -73, 27, -41, 44, 74, 74, 9, 92, 98, -71, 50, -73, -95, 9, -54, 35, -1, 55, -36, -100, 72, 88, 12, -19, 26, -4, 100, 34, -24, 10, 79, 97, -94, 33, -8, -13, 66, 1, 53]
2025-10-08 22:15:59,944 - INFO - Starting path reconstruction
2025-10-08 22:15:59,944 - INFO - Algorithm complete. Minimum path sum: -2599
2025-10-08 22:15:59,944 - INFO - Minimum path: -97 -> -85 -> -83 -> -96 -> -75 -> -28 -> -75 -> 39 -> -81 -> -15 -> -94 -> -84 -> -89 -> -33 -> -64 -> -86 -> 46 -> -84 -> -44 -> 35 -> -40 -> -9 -> -38 -> -99 -> -78 -> -37 -> -97 -> -66 -> -90 -> 5 -> -76 -> -66 -> -6 -> -48 -> -87 -> 42 -> -88 -> -31 -> -40 -> -23 -> -56 -> -22 -> -94 -> 24 -> -28 -> -32 -> -72 -> -94 -> -87 -> -73
2025-10-08 22:15:59,945 - INFO - Size: 50, Time: 0.0020s, Min Sum: -2599
2025-10-08 22:15:59,945 - INFO - Size 50: 0.0020s (sum: -2599)
2025-10-08 22:15:59,945 - INFO - Generating random test case 100 with 100 rows
2025-10-08 22:15:59,948 - INFO - Generated triangle: [[-71], [80, -42], [-76, 23, -19], [-31, 94, 93, -96], [-37, 7, 75, -67, 31], [-57, 9, 78, 4, -100, 63], [31, -13, 55, 97, -99, -91, -83], [-81, 51, 2, 91, 54, -19, -67, -29], [-94, -59, 4, -64, -99, -24, 30, 60, -53], [95, 25, -6, -91, -69, -97, 9, 88, -21, 16], [1, 5, 45, -57, 88, -37, 56, -64, 33, 78, -63], [9, -99, -3, -28, -34, 63, -1, -71, -62, -32, -56, -70], [-75, 58, 67, -23, -65, -53, -40, 36, 66, -23, -6, -84, 91], [16, -45, 13, -56, 86, -90, -38, -18, 47, 88, 36, 83, 32, 43], [0, -43, -60, 24, -24, 8, 93, -97, -74, -7, 68, 7, -81, -66, 5], [-57, 61, 35, -100, -57, 60, -35, -7, 98, 72, -72, 0, 38, 6, 28, 47], [92, -83, 10, 5, 32, -91, 50, 56, 100, 31, -32, 69, 1, 14, -17, -75, 65], [-97, 31, 14, -82, 61, 22, -15, 59, -97, 56, -39, 11, -43, 31, -9, -16, 14, 64], [5, 1, -22, 84, -88, -32, -46, -49, 41, 15, 34, -19, -54, -68, -78, 33, 57, -31, 72], [21, -33, -30, -94, -56, 78, 32, -38, 89, 44, 55, -82, -81, -27, 70, -75, 99, 62, 45, 21], [-92, 41, -23, 12, -8, -67, -75, -91, 59, -70, -56, 40, -100, 60, -38, 75, 68, 39, 63, -61, -19], [-12, -99, 96, -18, 70, -86, -94, 24, -26, 78, -69, 93, -66, -35, 20, 96, -26, -34, -67, -69, 86, 37], [-3, -15, 24, 93, -46, -98, -44, -54, 27, 18, 60, 66, -16, -5, 45, -50, 61, 61, -66, -96, 70, 80, -92], [-6, 43, -48, 82, -77, 66, 71, 95, 86, -17, -79, 45, -56, 23, 82, 3, 91, 9, -48, -60, -67, -10, 40, -30], [-89, -18, -11, -70, 33, 7, -76, -34, -48, -6, 91, 7, 8, -5, -73, -87, 57, 92, -60, -7, -28, 53, -25, 13, -81], [98, -68, -20, 42, 11, -74, 13, -78, 86, -8, -38, 96, 7, -71, 3, -51, -49, -29, 52, 28, -27, -67, 64, 56, -9, -2], [42, -82, 38, 36, -66, -37, 40, -66, -96, 82, 21, -4, -15, 4, -48, 78, -99, 90, 58, 76, -66, 40, -26, 83, 7, -32, 40], [-6, -23, -45, 70, -25, 4, -5, 81, -97, -100, -39, -15, 33, 14, 1, -66, 23, 1, -83, -76, -72, -64, 79, -15, 57, -84, 10, 28], [39, 25, 35, -47, 22, 23, -66, -52, 89, 83, -11, -61, -50, -41, 3, 57, -20, -22, -65, -36, -19, 14, 67, -27, -41, 99, -99, -45, -36], [59, -55, 7, 47, 74, 59, -16, -88, -87, -52, 13, 24, 62, -58, 24, 63, 50, -66, -27, -46, 76, 1, -61, 26, -61, 82, -15, -24, 41, 38], [-23, 94, -12, 94, -67, 73, -11, 53, -49, 19, 59, -55, -26, -75, -28, 86, -45, 89, 97, -4, 36, -59, -39, -28, -75, -3, -4, -75, 100, -21, 50], [-77, 1, -35, -45, 4, 5, -27, -47, 9, -19, 9, 55, -66, 18, -26, 63, 2, -34, 2, 41, -93, 54, -99, -70, -40, -37, 44, 51, 87, 44, 66, -12], [-14, 23, -95, -22, -92, 2, -61, -95, -11, -45, 75, -89, -22, 34, 76, 2, 26, 68, 88, -39, 65, 69, 31, -28, 8, 40, 92, 61, 87, -47, -94, 59, 77], [-83, -50, 66, -92, 0, -3, -33, -41, 84, -33, -51, 60, 86, -92, 11, -18, -2, 26, 63, 42, 90, -73, -82, 48, -19, 10, 98, -40, 77, -43, 83, -47, 78, 93], [85, 12, -85, 45, 89, 75, 33, 90, -94, 96, 53, -33, -59, -24, -75, 18, 38, 87, 37, 40, -27, -44, -6, -71, -100, 5, 82, -39, 5, -66, 56, 47, 36, 31, 98], [39, 75, 20, 3, 13, 11, -26, -36, -21, -42, 40, 6, 68, -36, 78, 0, 25, 3, 14, 66, -70, 36, -35, 75, -48, -54, -57, 65, -9, -26, -86, -53, -57, 87, 81, -28], [-26, -21, 28, 18, -24, -17, 14, 64, 6, -33, -12, 69, 64, -24, 88, 19, 100, 15, 75, 49, 58, 41, 18, -12, -62, -74, -65, 61, -18, -65, 36, 91, -69, -77, 72, -100, -86], [82, -77, -39, 76, -59, -37, -23, 85, -69, -95, 91, 92, 55, 64, 91, 56, 74, 84, -75, -95, 40, -96, -31, 11, 78, -29, 64, -39, -45, 70, -11, 32, 59, 82, -13, 56, -78, 18], [51, -47, -37, 88, -93, -73, 90, 83, -33, -40, 19, 44, 26, 27, -69, -66, 83, 26, 12, 19, -74, 82, 52, 43, 87, -73, -18, -94, 41, 16, 40, 76, 66, -99, 24, -69, 78, 14, 24], [98, -100, -100, 23, -90, 69, -71, 36, 36, -43, 22, 69, 96, 94, 79, 54, 21, 27, -94, 28, 32, 34, -44, 76, -59, -97, 40, -61, 21, 0, -15, -30, -3, -9, 6, -35, -76, 46, -73, 18], [-85, 71, -32, 64, -9, 43, -94, -71, 73, 46, 88, 38, -16, -25, 45, -61, -48, 9, 89, 91, -42, 52, 29, 82, 95, -92, 7, -40, -82, 92, -71, -23, 83, 47, -65, -96, -49, 32, 39, 60, -45], [-21, -37, 38, -82, 16, 55, -100, 15, -99, 77, 16, -71, 12, 32, 66, -59, 47, -18, -74, 28, -75, 23, -61, 93, 75, -13, -21, 25, -38, -48, 71, -99, -51, -82, -48, -69, 54, -24, -82, 20, -3, 65], [-46, -41, 99, 83, 16, -40, 46, -10, -24, -17, -14, -17, 69, -81, -58, 61, 19, -8, -85, 95, -95, -24, 54, -2, 25, -97, 44, 32, -35, -55, -98, 59, -21, 28, -34, 82, -93, -72, 56, -33, -33, 72, -51], [88, -37, -67, 47, -83, -8, 72, 16, -25, -33, -51, 66, 68, -57, -60, 87, 96, 98, -81, 18, 9, -68, -80, -73, -3, -46, 81, 95, 4, -2, 65, -23, -63, 57, -8, 79, 48, 66, -85, -28, 93, 82, 63, -47], [96, 65, -7, -25, -16, 57, -14, 89, -66, 13, 82, 23, 51, 78, 21, -53, 21, 7, -68, 70, -61, 78, 23, 78, 32, -99, 97, 3, -12, 47, -37, -9, -63, -43, -37, 77, -30, 58, 14, -28, 72, 85, -92, 93, -38], [63, 91, -38, -40, 91, 48, -48, -80, -35, 3, -36, 76, -97, 5, -50, 83, -52, -28, 60, -35, -38, -75, -92, 96, 22, 10, 29, 92, -79, -1, 25, 51, -44, -58, 50, -32, -36, 48, -17, 2, -84, -49, -69, 78, -43, -40], [-22, -37, 0, 51, 87, -40, 54, -93, -8, -94, 88, -67, 33, -56, -35, 13, 39, 11, -64, 26, 82, -89, 21, -80, -38, -51, 37, -59, -57, -33, 23, 72, -41, 66, 84, 25, -16, -10, 39, 95, -96, 0, 4, -92, 53, 90, 81], [-52, -52, -84, 49, 49, 79, 83, 78, -46, -68, 82, 65, -31, -90, 58, 93, -75, 34, 1, 66, 39, -13, 2, 7, -46, 37, 100, 53, 10, 2, -66, -10, 88, -34, 62, -70, -99, -20, 7, 11, -16, 37, -6, 79, -25, -80, -50, 79], [-31, 26, 36, 31, -29, -98, -59, -89, 54, 81, -22, 74, 0, 71, 56, 97, 85, 96, 93, -2, 60, 61, 29, -25, 36, -72, 60, -76, -34, -40, -89, -51, -49, 26, -20, 59, -58, -99, 56, 10, 2, 86, -4, 59, 32, 12, 11, -16, -96], [99, -65, 75, -57, -71, 50, 0, -61, 39, -83, 63, 24, -17, -92, -38, 41, -36, 77, 53, 98, -93, 3, 92, -93, -51, -6, -60, 23, -85, 75, 55, 17, 25, -76, -99, -2, 45, 32, 3, 70, 8, -55, -38, 7, -91, 76, -79, -95, 42, -72], [-57, -64, 0, 20, -74, -11, -10, 84, -41, -47, -5, 77, 13, 39, 61, -52, 46, 4, 94, 63, 75, -93, -40, 6, -6, 97, 67, -68, 58, 13, 89, 81, 66, -83, -22, 79, 59, 38, -90, -66, -95, -33, -93, -71, -14, -82, 93, -1, -46, 68, -83], [-2, 17, -27, 68, -81, 33, 10, -77, -54, -97, 59, 30, -62, 83, -75, -23, -14, 61, -17, -32, -76, -70, 92, 59, -53, -49, -95, -32, 76, -35, -46, -48, 56, 9, -82, 42, 86, 58, -33, -13, 11, -24, -40, -25, -38, 79, 9, 52, -70, -58, 39, -38], [16, 55, -16, -51, -19, -82, -34, 71, 50, 91, 27, 86, -63, 57, -12, 67, -39, 54, 15, 71, -55, -35, 23, 42, -71, 52, 79, 19, 48, -40, 79, -92, 19, -89, -43, -37, 36, -51, 50, -77, -2, -7, 62, -30, 39, 10, -25, -61, 21, -100, 47, 24, -71], [78, 29, 54, -57, 23, -75, -56, 65, -32, 44, -91, -42, -52, -91, -91, 95, 32, 50, -1, -53, -32, -3, 100, -85, -23, 78, 47, 23, -73, -94, -15, -59, 45, -54, 32, -21, -91, -51, 33, -25, 16, 48, 44, 84, -19, 95, 11, 71, -43, 0, -62, 15, 68, -70], [85, 7, 84, 24, 72, 21, -82, 64, 44, -5, 39, -96, -17, -31, -98, 50, 88, -93, 60, 17, -65, -72, 27, 93, 50, -30, -9, 5, 42, 0, 94, -29, 38, 49, 81, 33, 36, 29, 51, 69, -32, -71, 16, 92, -94, -3, -68, 60, 49, 10, -6, 76, 62, -80, 72], [2, -23, 2, -3, 10, -54, -12, -79, 10, -62, -75, 81, -65, -55, 50, -10, -17, -95, 27, -59, -99, 16, -60, -81, 65, -76, -75, -38, -10, -90, 52, 60, 51, -86, -100, 86, 44, -42, 21, 27, 25, 75, -6, -39, -16, 91, 52, 37, 96, -10, -39, -78, -16, -3, -53, 34], [91, 19, -68, -28, -66, -78, 30, 24, 47, -6, -70, 40, 78, -100, 41, -1, -25, -75, 85, -63, -71, 76, -32, 73, -100, 78, -75, -90, -16, -75, 1, -99, 56, 96, -21, -94, 39, 25, -47, -59, -52, 19, 82, -87, -99, -92, 20, -68, 45, 1, 8, 43, -58, -48, 78, -74, -76], [-28, 26, -79, 66, 69, -77, -6, 56, -93, -96, 53, -42, -41, -46, -88, 23, 1, -53, -11, -86, 49, -68, 44, -1, -83, 2, 62, 75, 72, -13, 28, 81, 16, 41, -92, -32, -68, 83, -71, -14, 30, -82, -56, -32, 95, -49, 18, 86, 67, 57, 77, -88, 83, 70, -49, -48, 52, 4], [-36, 36, -65, 62, -60, 89, 5, 9, -87, 6, 12, 33, -41, -62, -7, 38, -82, -77, 4, -10, -78, -5, -22, -71, -65, -56, 82, -92, -17, 9, 49, -59, 78, 87, -42, 31, -18, -62, 50, -25, 19, 7, -60, 2, 24, -56, -53, -92, 36, 77, -5, 80, -31, 71, 17, 41, -76, -11, 33], [49, 33, -74, -41, 48, 37, -22, -5, 19, 87, 31, 49, 3, 50, 56, -45, 84, -82, 96, 73, 97, -67, -20, -85, -15, 75, 2, -45, -46, -74, -40, -10, 35, -47, -42, 81, -62, -53, 62, 13, 8, -94, 44, 94, 85, 97, -37, -53, -94, -78, 93, 96, -19, -15, -79, 57, 57, 39, -63, -33], [-13, 26, 9, 30, -72, 69, -12, -57, -8, -7, 84, 22, -80, 46, -98, 66, -85, -30, 93, -7, 36, -27, 97, 39, 16, 2, 43, 50, -41, -13, 24, 20, 78, -39, -47, 63, -67, 51, 31, -72, -25, -46, -26, -17, -34, 99, 12, 29, -74, 59, -55, -89, 37, -69, 25, -4, -21, 62, -88, -77, -49], [-16, -86, -76, 14, -20, 0, -56, 19, 85, 60, 41, 78, 52, -17, -88, 86, -63, 98, 7, -12, 69, 34, -72, -83, -38, -29, 80, -16, -33, -80, -83, -70, 30, 31, 82, 7, 2, 27, -24, -58, -3, -45, -99, 1, 4, -93, 76, -54, 22, -12, 16, -17, -18, -18, -58, 76, 68, 86, 73, 39, -80, -17], [98, -55, 96, 92, 45, 66, 74, -68, -21, 1, -84, 23, -95, -26, -90, -20, 69, 47, -85, -73, -37, 78, 82, -77, -34, -2, -81, -35, 55, -37, -35, -43, 69, 49, -51, -91, -82, 96, 70, -85, -73, 20, -12, -6, 77, 97, 72, 75, -32, 93, -34, -40, 10, 12, -38, 29, 85, 28, 77, -98, -72, 3, -95], [-58, -10, -87, -5, 39, -40, 74, -48, 75, -98, -56, -32, -99, 46, -23, 28, -55, -45, -56, 55, 78, -86, -92, 59, -2, 10, 88, 67, 55, -86, 69, 27, -100, -29, 68, 23, -39, 44, 22, -42, -86, 68, 62, 11, -80, -1, 98, 2, 56, 91, 81, -92, -48, 31, -4, 57, 7, -9, 72, 92, -23, -36, 62, 24], [-73, -64, 11, -83, -29, 61, 12, 52, -78, -85, 83, -7, 8, 74, 44, -77, 41, -58, 58, -58, -38, -73, -2, 24, 61, 9, 87, 17, 34, 25, 37, -16, -16, -70, -1, 58, 89, 87, 64, 82, 80, -5, -4, 75, -54, -82, 13, -72, 31, -66, 2, 43, -95, -95, 16, -86, -30, -94, -9, 99, 94, -6, 22, 91, 51], [-97, -9, -87, -47, 40, 57, 43, -55, 5, 47, 69, -58, 13, 58, 7, -36, 71, -37, -3, -80, -78, -12, 40, -23, 23, -2, 26, -47, -37, 69, 92, 75, -41, 37, 98, 75, 86, -63, 32, -5, 32, -44, 40, 78, 58, -67, 23, 61, -94, -62, 10, 55, 52, -88, -40, -92, 9, -98, 39, -67, -49, 18, 29, 92, 26, -7], [58, -100, 38, -1, -30, 34, 28, 80, 36, 30, -29, -55, -21, -11, -29, 96, 58, 94, -55, 36, -88, 62, 2, -38, 33, 64, 9, -2, 87, -49, -51, 54, -98, -92, -40, 60, 9, 10, -62, 36, 91, 94, 75, -53, -26, 6, -28, 18, 95, -25, -49, -62, -70, -5, -55, 12, 36, 13, -58, -37, 47, -69, -72, -11, 33, -77, 41], [-9, 100, -88, -45, 34, -87, 75, -81, -8, -46, 10, 70, -68, -13, -99, 53, -44, -20, 96, -83, 66, 60, -56, -72, -50, -67, -17, 50, 38, 24, -93, 26, 16, -27, -17, 93, -30, -92, -84, 14, 94, 34, -37, -18, 77, 33, 62, 24, 82, -14, 9, 45, 26, 64, -31, -2, -3, -27, 9, 9, 99, -51, 57, 74, -3, -50, -6, -80], [-3, -60, 43, 22, -44, -90, -14, 33, 3, 97, 66, -94, -15, 96, -71, 94, 65, 55, 36, 78, 88, -4, -39, -96, 71, 65, -98, 93, 14, -53, -45, 63, -13, 13, -22, -6, -87, -40, 26, 55, 61, -29, -3, 63, 77, -76, -70, 2, -15, -51, 24, 95, 55, 23, -21, -82, -19, 84, -57, 8, -35, -86, 1, 61, -100, 95, -66, -100, -20], [41, -1, -31, 18, -33, -21, 86, -92, 48, -58, 51, 9, -22, 68, -72, 70, -90, 16, -73, 51, 69, -83, -18, 72, -22, -70, 19, 29, 58, -76, -20, -76, -14, -24, -17, 84, -84, -17, 41, 100, -36, -57, 62, 90, -51, -100, -24, 61, -85, 77, -29, 30, -62, -18, -87, -9, -46, 10, 63, -76, 87, 95, 84, 3, -55, 58, -1, 56, 70, 1], [34, -55, 48, -15, 3, -73, 75, -87, 51, -58, -92, 9, 20, 3, -90, 38, -42, -80, 37, 74, 92, 31, -39, 30, 89, 68, 27, -74, -14, 34, 74, 64, -76, -77, 91, 78, -81, -13, 29, -45, 63, 26, -10, 2, 49, -60, -28, -51, 0, 60, -31, 44, -91, -35, 4, -75, 19, 87, -83, 84, -7, -61, -63, 8, -7, 13, 46, -52, 60, 96, -51], [-74, -6, -94, 74, -10, 27, 75, 38, -65, -57, 57, 78, 30, -93, -84, -54, 14, -83, 74, 71, 100, -27, 79, 26, -79, -14, -10, 34, 30, -17, 5, 4, 84, -39, 48, 67, 7, 23, -12, -90, -96, 4, -83, 19, 42, -9, 100, 42, 25, 7, 63, -64, 88, -20, -93, -45, 5, 21, 60, -74, -45, -68, -8, 22, -97, 20, 61, 18, -11, 68, -90, -56], [-33, 7, -60, -6, -55, 91, -99, -26, 4, 59, 56, -20, -2, -73, 48, -62, -88, -11, -100, -57, 73, -91, -27, 70, 66, 81, -43, -42, 11, -20, -20, -81, 37, 33, 21, -45, -9, -74, 12, 98, -49, -63, 37, 5, -79, 50, 48, -31, 33, 65, 9, 30, 45, -11, 59, -96, 100, 97, 14, -78, 90, -3, -2, -37, 25, -57, 12, -49, -1, -91, -9, 31, -40], [-5, -6, 23, -5, -57, 18, 39, -67, 67, -74, 15, -100, 82, 11, -47, -60, 80, 76, -9, 51, 29, -20, 87, 13, -2, 50, 0, -36, 42, -41, 48, -86, 51, -33, -54, -30, 93, -93, 51, 47, 27, 47, -49, -85, -9, 33, -84, 55, -27, 31, 86, 20, -40, -44, 10, 68, 75, 85, 57, 66, -98, 39, 85, 28, 33, -95, -3, -25, -69, 57, 5, 35, 37, 24], [76, 18, -92, -73, 49, -96, 84, -24, -66, -99, 38, 58, 24, 17, -34, 50, 87, -40, 77, -29, 16, 87, -16, 3, -65, 72, 82, -25, -88, 77, -2, 9, -54, -50, 65, 97, 61, 15, -98, -75, 60, -59, -1, -96, 70, -68, 78, 6, -9, 3, -92, 3, 3, 83, -2, 85, 26, -53, 85, 67, 31, 47, 18, 64, -91, 38, 53, 40, 42, -88, -79, -27, 6, -66, -42], [-62, 96, -93, 76, 70, -19, -48, -76, 24, 51, 9, 26, 43, -27, -3, 36, -26, -1, -27, -88, 89, -75, 17, 69, 13, 86, -38, 80, 27, -64, 24, -100, -80, -55, -76, -44, 93, -34, -1, 94, -6, 50, -2, 54, -64, 99, -84, -57, -78, -25, 66, 20, 36, 0, -48, -97, -15, -77, -38, 2, -21, -24, -56, 8, 21, -13, -77, 49, 76, -30, 45, 19, 94, 51, -45, -3], [28, -55, 47, -15, 55, -74, -71, -19, -24, -58, -42, 70, 29, -24, -99, 41, 42, 41, 24, 55, -38, -100, 56, -31, 18, 54, -13, 42, -41, -9, 44, -30, -82, 90, 8, -71, 44, 54, -56, 22, -24, 21, -28, -43, -15, -61, -10, 22, 50, -65, -43, 95, 29, -40, -1, -50, -11, -69, 9, 85, -5, 41, 38, -44, -5, -76, -45, 76, 3, 65, -88, 43, -71, -21, 75, -93, 53], [-98, -70, -11, 49, -44, 46, -74, 82, -12, -7, -17, -20, -98, -43, -50, -10, 35, 19, -76, 79, -68, -20, 16, -25, 76, 60, 40, -57, 37, -95, -18, -68, -30, -31, -83, -31, -38, -5, 85, 69, 74, 70, -57, 85, 1, -71, -70, 61, -69, 70, -69, 33, -97, -61, -15, 35, 86, -92, 79, -99, 23, 50, -73, 65, -46, -76, -71, 90, 29, 99, -61, 58, -53, -74, -65, 67, -29, -5], [-44, -39, -6, 71, 31, -30, -69, 46, -68, 31, 9, 18, 24, 58, -69, -32, 59, -51, 71, 64, 78, 25, 60, -82, 73, 41, 4, -22, 78, 65, 62, -36, -52, -37, 49, -91, -76, 82, 51, -74, -81, 87, -53, 82, -54, -20, -11, -76, 77, -60, -94, 74, 96, -29, 30, 60, 9, -91, -69, -49, -36, 51, 81, 14, 83, -70, 55, 94, -95, -17, -48, -99, 59, -36, 69, -81, -26, -52, -16], [71, 18, -26, -42, -58, 57, 95, 8, -72, 80, -65, -65, 23, 80, 18, 37, 26, 92, -34, -10, -1, -16, 27, 93, 28, 68, -60, 8, 10, 99, -39, 33, -23, -99, 10, -67, -48, -100, -96, -89, 76, 98, 48, -36, 38, 100, -30, -70, 44, 99, -75, 71, -42, 39, 25, -40, -38, 19, 100, 19, 60, 49, 28, -83, -35, 62, -17, 98, -52, -52, -40, 81, 53, 38, 85, -57, 63, 94, -89, 80], [-71, -14, -36, 6, 45, -52, 90, -4, -5, -49, -33, -58, 74, 48, 64, 17, -24, 41, 19, -96, 47, -66, -74, 26, -35, -14, -36, -32, -46, -81, -52, 68, -91, 82, 16, -68, -39, 26, 19, -53, -74, -27, -80, -74, 13, 20, -42, -44, -15, 36, 73, 69, -39, 97, -84, 50, 32, 49, 7, 32, -14, 77, 16, -34, 58, 95, -97, -36, 41, -58, 52, 93, -32, 11, -51, -20, -38, 12, 20, 6, 91], [54, -62, -7, 36, -76, -3, 22, 88, -83, -77, -53, -12, 61, 72, 2, 32, -94, 53, -76, -73, 58, -85, 42, -43, -10, 77, -68, -21, -80, -10, 48, 85, -45, -16, 79, 51, 71, 52, 22, -26, 12, -50, -34, -20, -37, -89, 87, 91, 41, 92, -19, 81, 3, -83, 89, 65, 9, -63, 16, -60, -72, -19, 15, 15, 13, -45, -55, -55, -12, -73, -90, 39, -88, 29, 51, 9, 14, -25, 90, 61, 35, -32], [12, 28, -53, -30, 19, 83, -54, 52, -60, -82, -32, 47, 10, -16, 92, 47, -7, 81, 47, -11, -34, 26, 28, -46, 54, 29, 9, 15, 24, -56, 71, -96, 58, 74, -46, 68, -22, -69, -59, 63, -87, 46, -20, 43, -83, 96, 81, 37, 69, -38, 71, 34, 2, -85, -4, -93, -89, -79, -49, -66, -53, -51, -93, -16, -46, 44, 8, 63, -19, 73, -82, -33, -78, 41, 84, -65, 98, -84, 33, -11, 96, -60, 57], [-70, 30, 89, -64, -45, 74, 24, 47, 38, 28, -90, -9, -89, -72, -99, -39, 61, 79, -82, -82, -20, 28, 14, -81, -12, 68, 25, -38, 4, -71, -75, 52, 17, -57, 19, 91, 40, 91, -24, -95, -4, 84, -91, -40, 51, 50, -10, 58, 76, 50, -15, -1, -41, 87, -34, -66, 18, 92, -39, 68, -56, -76, -94, 74, -72, -93, -73, -1, 71, -78, 86, -83, -39, 68, 48, -47, -38, -47, 65, -63, -99, -85, -95, 61], [-61, 7, 68, -46, -47, -31, 27, 40, 67, -11, 90, -42, 62, -53, -60, 15, -89, -80, 38, 58, -43, -90, 46, 15, 78, 52, -17, -97, -95, 42, 24, 61, 41, 85, 10, 49, 42, -95, 77, 21, -83, 55, 52, -82, -20, 31, 15, -92, 71, 16, -44, -42, 67, -22, -1, -85, 7, -14, -81, -81, 50, 80, 60, -23, -18, 5, 17, -34, 36, -54, 23, 87, -62, 95, -22, 77, 85, -91, 86, -93, 18, 42, 0, -56, -84], [-71, 58, 46, -79, -29, -36, -98, -27, 80, 67, -96, 4, 44, -17, 73, -51, -93, -29, -35, 87, -87, -63, -17, 23, 76, -63, -64, -96, 94, -57, 45, -10, -69, -58, 76, -54, -5, 16, -65, 29, -60, -1, -42, -27, 68, -69, -46, -42, 64, -45, 48, -17, -66, 58, 21, -38, 32, 16, 98, -28, 86, 32, 37, -36, -39, -22, 70, 63, -63, -26, -98, -63, 95, 7, -34, 10, 80, 19, -26, -9, 31, 0, -42, 84, 42, -16], [-14, -7, -36, -10, -32, 52, 66, 62, 76, 55, -53, -74, 14, -55, 21, -33, 66, 92, 82, -61, 99, -18, -40, 87, 63, 87, 10, -95, 22, -85, -45, 28, -78, 5, 75, -68, 88, -57, -53, -82, 22, 62, 39, 58, 39, 3, 66, 19, -28, -46, 46, 15, 51, -49, -33, 17, 74, 70, 7, 83, -75, -17, -10, -13, 8, 60, -6, 61, 8, 42, 46, 10, 2, -78, 87, -13, 63, 36, 78, 13, -92, 83, 17, 46, -79, 27, 84], [98, -62, 1, -56, 6, -19, -11, -6, 8, -40, -83, 58, -67, -74, -16, -83, 45, -20, 86, 38, -3, 32, -27, -64, -64, 6, -63, 65, -94, 53, -26, -80, 6, -2, -4, -51, 67, -25, 76, -52, -55, -45, -50, -97, 10, -41, -94, 51, -62, 7, 9, 39, 78, -37, -29, 44, -84, -37, 9, 1, 12, 75, 61, 99, 95, 60, -28, 87, 65, -96, -20, -33, 81, 10, -95, 95, 17, -4, 16, 72, -44, 29, 31, 41, 87, 49, 86, -66], [89, -29, -88, 64, 60, 99, 99, -21, -2, -74, -28, 43, 68, -27, -59, -79, -64, -75, -48, -20, 23, 79, -10, -35, -15, -76, -94, -63, 80, 78, 88, -30, 9, -32, 38, 79, 44, -88, 77, -53, -94, -99, -98, 15, 3, -90, -13, -46, 31, 4, -53, 27, 20, -9, -82, -43, -3, 2, 92, 76, 48, -69, -92, 33, -90, 79, 10, 49, -35, 92, 14, -51, -38, -100, -28, 31, -76, 50, 2, 12, -15, 99, -22, -69, 90, 1, -2, -83, 76], [48, -68, 54, -40, -83, -4, 37, 59, 46, 90, -97, -77, 1, -22, 86, -69, -23, -87, 38, -86, -1, 71, 11, -40, -7, -62, 70, 59, -74, 67, 10, -43, 11, -42, -32, -15, 98, 66, 32, -91, 64, -30, 14, -16, -64, -76, 90, -93, -68, 39, -55, 78, -89, 53, -7, 62, 56, -89, 92, -55, -52, 97, 38, 97, -56, 30, 53, 9, 64, -88, 56, 49, 69, 69, 24, -1, 23, 11, -87, 61, 76, 68, -84, 26, 1, -6, -7, -20, -16, -7], [52, 12, -50, -82, 82, -19, -57, 87, -38, -71, -30, -38, -89, 53, 41, -25, -26, 33, -93, 31, 44, -46, 27, -60, 42, 22, 97, 12, -16, 19, -97, -34, -69, -100, -93, -86, -60, -10, -68, 89, -95, 71, -2, -18, -84, -6, -34, -1, -31, 45, 74, 22, -54, 35, -99, 6, 88, 56, 33, -97, 11, -82, -50, 28, 17, 46, -17, 67, 69, -16, -65, 23, -85, -39, 80, -95, -12, 49, 4, -87, 85, 80, -93, -76, 13, 46, 37, -11, 36, 35, 59], [-49, -79, 18, -58, -38, -60, 88, -79, -17, -70, -13, -33, -10, 71, 47, -78, -79, -38, -19, -35, -53, -37, 60, 27, -25, 72, -77, -9, 24, 94, -99, -19, 75, -66, -7, 94, -55, -70, 79, -47, -42, -98, 33, 86, 32, 6, 83, 31, 74, -17, -30, 14, 76, -86, 89, 87, -43, -35, 88, -52, 99, 19, -66, -35, -43, 28, 93, 6, -99, 48, -69, 39, -15, 85, 63, 81, -35, -45, -75, 72, -66, 12, 72, -69, -94, 41, -72, 98, 92, -63, -19, 13], [-86, -43, -87, -41, 50, -88, -53, 55, 69, 81, 80, 65, 85, -61, 8, -53, 89, -77, -94, -9, 35, -90, -33, 64, -36, 20, 51, -30, 89, 24, 61, -1, -23, 41, 31, -89, 84, -41, 12, -97, -8, 53, -9, -37, 17, 72, -21, -15, -73, -73, 0, 37, -3, -77, 5, -24, 92, 27, 76, -98, 1, -39, -95, 67, -28, -51, -81, 43, 66, 76, -69, -81, 68, -85, -88, 22, 7, -43, 52, -90, -15, -49, 71, -100, 6, 36, 67, -44, -84, 68, -15, 65, 58], [-63, -83, 90, 36, 84, 78, 11, -37, 83, 1, 42, -93, 19, -16, 90, 83, -13, -89, -1, 15, -23, -99, -47, 60, -32, 40, 15, -33, 40, 27, 62, 100, -92, -36, -54, 10, 82, -7, -36, -60, 22, 29, -24, -85, 92, 78, -40, -22, 16, 74, -80, 85, 79, 71, 37, -20, 73, 63, 53, 57, -54, -15, -41, -91, -16, -8, 86, 26, 56, -65, 2, -14, 7, -83, 66, 70, -67, -8, -43, -50, 27, 68, -66, -74, -11, 52, 63, -77, 70, 14, 57, 24, -45, 53], [96, 76, -61, -100, 65, -57, 19, 41, 43, 29, -28, 76, -76, 74, 99, -40, -17, -53, -73, 79, 99, -100, 87, 55, -49, -51, -45, -1, -46, 73, -90, 78, 2, -92, 96, 97, 100, -48, 91, 78, 65, -29, -42, 46, -26, 95, -9, -99, 87, -4, -59, -86, 47, -38, 90, -61, 1, -92, 55, -7, -1, -22, -91, 77, 76, 50, 65, 14, 45, 74, 90, 48, 10, 61, -73, 70, 59, 5, -43, -70, -79, -12, 75, -80, -16, -4, 2, 66, 51, -41, -61, -54, -61, 17, -3], [17, 61, 13, 79, 0, -72, 11, -51, 82, -78, 87, 75, -37, 54, 60, -35, -72, 20, -14, 20, 100, -35, -58, -4, -83, 75, 15, 97, 35, 46, -7, -75, -44, 91, -26, -64, 23, 71, -40, 42, 87, 10, 15, 3, 1, 24, 70, 23, -66, 73, 7, -50, -97, 80, -56, -29, 55, 32, -54, -67, 91, -54, -34, -99, -91, -39, -75, 6, -58, 67, -38, 70, -3, 66, 60, -37, 54, 44, 66, -7, 36, -85, 67, -87, 18, 62, -86, -9, -34, -30, 48, 2, 90, -80, -16, -100], [-55, -65, -20, -90, 72, -13, 57, 89, 60, 2, -1, 49, -57, -11, -89, -93, 87, -51, -81, -97, -25, 69, 1, -67, -94, 26, 57, -29, 87, -18, 100, 88, -65, 93, -85, 53, -19, 66, 91, 30, -33, 4, -77, -60, -90, -11, -87, 71, 24, 8, 83, 54, 13, -81, 37, 46, 54, 76, -9, 5, 91, -1, -73, -14, 78, 85, 89, -82, 13, 36, 68, -31, 88, 84, -81, -59, -72, 76, 6, -85, -5, 10, -99, -93, 98, -50, 24, 72, 83, 65, -54, 20, 47, -82, -32, -43, -78], [96, -89, 34, -83, -96, -74, 21, -68, -67, -29, -3, -50, 76, -50, -65, -26, 12, 73, 9, -76, 72, 29, 47, -90, -74, 80, 49, -85, 38, 5, 47, -55, 88, -90, -52, -45, 94, -35, -60, -16, -63, -50, -100, -95, 52, 47, 33, 37, -75, 73, 53, 47, -89, 90, 53, -6, 55, 52, -45, 17, -73, 100, 64, 43, -39, 23, 37, -20, 8, -59, -79, 31, 49, -96, 33, -87, -12, 66, 9, -88, 9, -56, 62, 1, 67, -76, 94, -55, 6, -7, -38, 69, -92, -100, -92, -63, -12, -48], [51, 64, -30, -23, 5, -78, 32, -57, 86, 8, 68, -8, 67, -78, 48, -76, -44, -80, 32, 0, 77, 59, 17, -14, 37, 66, -33, -68, 59, -31, 31, 11, -24, 56, 30, -87, -43, -8, -60, 82, 41, 0, -10, -13, 84, -46, -94, -91, -59, -72, -18, -47, -100, -67, -28, -62, -30, 11, 19, -33, -96, -86, -60, 50, 30, -47, -27, -82, 27, 40, 47, 86, 25, 3, 24, 33, 61, -81, -50, -2, -99, -45, -53, 63, -72, 64, 87, 62, 38, 67, -58, -61, -95, 17, -19, -21, 87, 34, 97], [41, 74, 79, 45, -1, -73, 97, 0, 37, -38, 73, 6, -16, -27, 83, 36, -73, 48, -32, -13, -11, -84, 69, -60, -3, 88, -81, -86, 96, 85, 51, -98, 76, 97, 31, -53, -73, 73, -21, -7, 71, 19, 14, -27, -49, 4, -19, 37, 51, 63, 8, 20, 8, 25, -20, 83, 39, 29, 28, 11, 57, -51, -54, 82, 32, 22, -23, -61, 25, 0, 18, 14, 43, 10, 74, -41, 55, -48, 0, 61, 11, -69, 82, -88, 15, 65, -52, 14, 36, -60, -43, 64, -69, -56, -51, -49, 9, -84, 9, 90]]
2025-10-08 22:15:59,952 - INFO - Starting minimum path sum calculation for triangle
2025-10-08 22:15:59,952 - INFO - Processing triangle with 100 rows
2025-10-08 22:15:59,952 - INFO - Initializing DP with base row: [41, 74, 79, 45, -1, -73, 97, 0, 37, -38, 73, 6, -16, -27, 83, 36, -73, 48, -32, -13, -11, -84, 69, -60, -3, 88, -81, -86, 96, 85, 51, -98, 76, 97, 31, -53, -73, 73, -21, -7, 71, 19, 14, -27, -49, 4, -19, 37, 51, 63, 8, 20, 8, 25, -20, 83, 39, 29, 28, 11, 57, -51, -54, 82, 32, 22, -23, -61, 25, 0, 18, 14, 43, 10, 74, -41, 55, -48, 0, 61, 11, -69, 82, -88, 15, 65, -52, 14, 36, -60, -43, 64, -69, -56, -51, -49, 9, -84, 9, 90]
2025-10-08 22:15:59,959 - INFO - Starting path reconstruction
2025-10-08 22:15:59,959 - INFO - Algorithm complete. Minimum path sum: -4825
2025-10-08 22:15:59,959 - INFO - Minimum path: -71 -> -42 -> -19 -> -96 -> -67 -> -100 -> -99 -> 54 -> -99 -> -97 -> -37 -> -1 -> -40 -> -18 -> -74 -> 72 -> -32 -> -39 -> -19 -> -82 -> -100 -> -66 -> -16 -> 23 -> -73 -> -51 -> -99 -> 1 -> -65 -> -46 -> -4 -> -93 -> 69 -> -82 -> -71 -> -48 -> -74 -> -29 -> -73 -> -97 -> -92 -> -13 -> -97 -> -46 -> -99 -> 29 -> -59 -> 10 -> -34 -> -85 -> 13 -> -35 -> -40 -> -94 -> 0 -> -90 -> -75 -> -13 -> 9 -> -74 -> -13 -> -83 -> -43 -> -100 -> -16 -> -41 -> -92 -> -17 -> -6 -> -84 -> -81 -> 7 -> -74 -> -93 -> -98 -> -1 -> -56 -> 69 -> -74 -> -89 -> -74 -> -50 -> -20 -> -40 -> -20 -> -69 -> 3 -> -94 -> -46 -> -93 -> -31 -> -17 -> -73 -> -80 -> -86 -> -97 -> 13 -> -89 -> -100 -> 8
2025-10-08 22:15:59,959 - INFO - Size: 100, Time: 0.0070s, Min Sum: -4825
2025-10-08 22:15:59,959 - INFO - Size 100: 0.0070s (sum: -4825)
2025-10-08 22:15:59,959 - INFO - Starting minimum path sum calculation for triangle
2025-10-08 22:15:59,959 - INFO - Processing triangle with 4 rows
2025-10-08 22:15:59,959 - INFO - Initializing DP with base row: [4, 1, 8, 3]
2025-10-08 22:15:59,959 - INFO - Starting path reconstruction
2025-10-08 22:15:59,959 - INFO - Algorithm complete. Minimum path sum: 11
2025-10-08 22:15:59,959 - INFO - Minimum path: 2 -> 3 -> 5 -> 1
2025-10-08 22:15:59,959 - INFO - Starting minimum path sum calculation for triangle
2025-10-08 22:15:59,959 - INFO - Processing triangle with 4 rows
2025-10-08 22:15:59,959 - INFO - Initializing DP with base row: [4, 2, 1, 3]
2025-10-08 22:15:59,960 - INFO - Starting path reconstruction
2025-10-08 22:15:59,960 - INFO - Algorithm complete. Minimum path sum: 0
2025-10-08 22:15:59,960 - INFO - Minimum path: -1 -> 3 -> -3 -> 1
